2020/07/09 12:43:15 main.go:12: test
2020/07/09 23:00:40 bitflyer.go:51: action=doRequest endpoint=http://api.bitflyer.com/v1/me/getbalance
2020/07/09 23:00:40 bitflyer.go:27: 1594303240
2020/07/09 23:00:40 bitflyer.go:91: url=me/getbalance%!(EXTRA string={"status":-500,"error_message":"ACCESS-TIMESTAMP header is required","data":null})
2020/07/09 23:00:40 bitflyer.go:99: action=GetBalance err=json: cannot unmarshal object into Go value of type []bitflyer.Balance
2020/07/10 10:19:55 bitflyer.go:50: action=doRequest endpoint=http://api.bitflyer.com/v1/ticker
2020/07/10 10:19:55 bitflyer.go:126: action=DateTime, err=parsing time "2020-07-10T01:19:52.46" as "2006-01-02T15:04:05Z07:00": cannot parse "" as "Z07:00"
2020/07/10 10:19:55 bitflyer.go:126: action=DateTime, err=parsing time "2020-07-10T01:19:52.46" as "2006-01-02T15:04:05Z07:00": cannot parse "" as "Z07:00"
2020/07/10 10:26:35 bitflyer.go:50: action=doRequest endpoint=http://api.bitflyer.com/v1/ticker
2020/07/10 10:26:35 bitflyer.go:126: action=DateTime, err=parsing time "2020-07-10T01:26:33.57" as "2006-01-02T15:04:05Z07:00": cannot parse "" as "Z07:00"
2020/07/10 10:26:35 bitflyer.go:126: action=DateTime, err=parsing time "2020-07-10T01:26:33.57" as "2006-01-02T15:04:05Z07:00": cannot parse "" as "Z07:00"
2020/07/10 21:37:41 bitflyer.go:207: connecting to wss://ws.lightstream.bitflyer.com/json-rpc
2020/07/10 21:40:38 bitflyer.go:207: connecting to wss://ws.lightstream.bitflyer.com/json-rpc
2020/07/10 21:45:30 bitflyer.go:213: connecting to wss://ws.lightstream.bitflyer.com/json-rpc
2020/07/10 21:55:33 bitflyer.go:207: connecting to wss://ws.lightstream.bitflyer.com/json-rpc
2020/07/10 21:57:14 bitflyer.go:207: connecting to wss://ws.lightstream.bitflyer.com/json-rpc
2020/07/12 13:52:28 bitflyer.go:207: connecting to wss://ws.lightstream.bitflyer.com/json-rpc
2020/07/12 13:52:32 streamdata.go:16: action=StreamIngestionData, {BTC_USD 2020-07-12T04:52:32.0893851Z 674755 9268.53 9279.44 0.1668 0.1668 71.51746571 59.82010807 9272.9 5.03606981 5.03606981}
2020/07/12 13:52:37 streamdata.go:16: action=StreamIngestionData, {BTC_USD 2020-07-12T04:52:37.9192017Z 674759 9268.53 9279.44 0.1668 0.1668 71.51746571 59.82010807 9272.9 5.03606981 5.03606981}
2020/07/12 13:52:38 streamdata.go:16: action=StreamIngestionData, {BTC_USD 2020-07-12T04:52:38.7662541Z 674761 9266.42 9284.66 0.07 0.3904684 71.35066571 59.65330807 9272.9 5.03606981 5.03606981}
2020/07/12 13:52:41 streamdata.go:16: action=StreamIngestionData, {BTC_USD 2020-07-12T04:52:41.5031191Z 674766 9268.53 9276.89 0.1668 0.1668 71.51746571 59.98690807 9272.9 5.03606981 5.03606981}
2020/07/12 13:52:42 streamdata.go:16: action=StreamIngestionData, {BTC_USD 2020-07-12T04:52:42.5559771Z 674773 9270.84 9276.89 0.1668 0.1668 71.68426571 59.98690807 9272.9 5.03606981 5.03606981}
2020/07/12 13:52:44 streamdata.go:16: action=StreamIngestionData, {BTC_USD 2020-07-12T04:52:44.7559754Z 674775 9268.53 9279.21 0.1668 0.1668 71.51746571 59.82010807 9272.9 5.03606981 5.03606981}
